0 info it worked if it ends with ok
1 verbose cli [ 'C:\\Program Files\\nodejs\\node.exe',
1 verbose cli   'C:\\Program Files\\nodejs\\node_modules\\npm\\bin\\npm-cli.js',
1 verbose cli   'install' ]
2 info using npm@3.10.10
3 info using node@v7.2.1
4 silly loadCurrentTree Starting
5 silly install loadCurrentTree
6 silly install readLocalPackageData
7 silly install normalizeTree
8 silly loadCurrentTree Finishing
9 silly loadIdealTree Starting
10 silly install loadIdealTree
11 silly cloneCurrentTree Starting
12 silly install cloneCurrentTreeToIdealTree
13 silly cloneCurrentTree Finishing
14 silly loadShrinkwrap Starting
15 silly install loadShrinkwrap
16 silly loadShrinkwrap Finishing
17 silly loadAllDepsIntoIdealTree Starting
18 silly install loadAllDepsIntoIdealTree
19 silly loadAllDepsIntoIdealTree Finishing
20 silly loadIdealTree Finishing
21 silly currentTree dbproj@1.0.0
21 silly currentTree +-- accepts@1.3.3
21 silly currentTree +-- ajv@4.11.8
21 silly currentTree +-- array-flatten@1.1.1
21 silly currentTree +-- asn1@0.2.3
21 silly currentTree +-- assert-plus@0.2.0
21 silly currentTree +-- asynckit@0.4.0
21 silly currentTree +-- aws-sign2@0.6.0
21 silly currentTree +-- aws4@1.6.0
21 silly currentTree +-- babel-runtime@6.23.0
21 silly currentTree +-- bcrypt-pbkdf@1.0.1
21 silly currentTree +-- big-number@0.3.1
21 silly currentTree +-- bl@1.2.1
21 silly currentTree +-- body-parser@1.17.1
21 silly currentTree +-- boom@2.10.1
21 silly currentTree +-- buffer-shims@1.0.0
21 silly currentTree +-- bytes@2.4.0
21 silly currentTree +-- caseless@0.12.0
21 silly currentTree +-- co@4.6.0
21 silly currentTree +-- combined-stream@1.0.5
21 silly currentTree +-- content-disposition@0.5.2
21 silly currentTree +-- content-type@1.0.2
21 silly currentTree +-- cookie-signature@1.0.6
21 silly currentTree +-- cookie@0.3.1
21 silly currentTree +-- core-js@2.4.1
21 silly currentTree +-- core-util-is@1.0.2
21 silly currentTree +-- cryptiles@2.0.5
21 silly currentTree +-- dashdash@1.14.1
21 silly currentTree | `-- assert-plus@1.0.0
21 silly currentTree +-- debug@2.6.1
21 silly currentTree +-- delayed-stream@1.0.0
21 silly currentTree +-- depd@1.1.0
21 silly currentTree +-- destroy@1.0.4
21 silly currentTree +-- dns-lookup-all@1.0.2
21 silly currentTree +-- ecc-jsbn@0.1.1
21 silly currentTree +-- ee-first@1.1.1
21 silly currentTree +-- encodeurl@1.0.1
21 silly currentTree +-- escape-html@1.0.3
21 silly currentTree +-- etag@1.8.0
21 silly currentTree +-- express@4.15.2
21 silly currentTree +-- extend@3.0.1
21 silly currentTree +-- extsprintf@1.0.2
21 silly currentTree +-- finalhandler@1.0.1
21 silly currentTree | `-- debug@2.6.3
21 silly currentTree +-- forever-agent@0.6.1
21 silly currentTree +-- form-data@2.1.4
21 silly currentTree +-- forwarded@0.1.0
21 silly currentTree +-- fresh@0.5.0
21 silly currentTree +-- getpass@0.1.7
21 silly currentTree | `-- assert-plus@1.0.0
21 silly currentTree +-- har-schema@1.0.5
21 silly currentTree +-- har-validator@4.2.1
21 silly currentTree +-- hawk@3.1.3
21 silly currentTree +-- hoek@2.16.3
21 silly currentTree +-- http-errors@1.6.1
21 silly currentTree +-- http-signature@1.1.1
21 silly currentTree +-- iconv-lite@0.4.15
21 silly currentTree +-- inherits@2.0.3
21 silly currentTree +-- ipaddr.js@1.3.0
21 silly currentTree +-- is-typedarray@1.0.0
21 silly currentTree +-- isarray@1.0.0
21 silly currentTree +-- isstream@0.1.2
21 silly currentTree +-- jodid25519@1.0.2
21 silly currentTree +-- jsbn@0.1.1
21 silly currentTree +-- json-schema@0.2.3
21 silly currentTree +-- json-stable-stringify@1.0.1
21 silly currentTree +-- json-stringify-safe@5.0.1
21 silly currentTree +-- jsonify@0.0.0
21 silly currentTree +-- jsprim@1.4.0
21 silly currentTree | `-- assert-plus@1.0.0
21 silly currentTree +-- media-typer@0.3.0
21 silly currentTree +-- merge-descriptors@1.0.1
21 silly currentTree +-- methods@1.1.2
21 silly currentTree +-- mime-db@1.27.0
21 silly currentTree +-- mime-types@2.1.15
21 silly currentTree +-- mime@1.3.4
21 silly currentTree +-- ms@0.7.2
21 silly currentTree +-- negotiator@0.6.1
21 silly currentTree +-- oauth-sign@0.8.2
21 silly currentTree +-- on-finished@2.3.0
21 silly currentTree +-- parseurl@1.3.1
21 silly currentTree +-- path-to-regexp@0.1.7
21 silly currentTree +-- performance-now@0.2.0
21 silly currentTree +-- process-nextick-args@1.0.7
21 silly currentTree +-- proxy-addr@1.1.4
21 silly currentTree +-- punycode@1.4.1
21 silly currentTree +-- qs@6.4.0
21 silly currentTree +-- range-parser@1.2.0
21 silly currentTree +-- raw-body@2.2.0
21 silly currentTree +-- readable-stream@2.2.9
21 silly currentTree +-- regenerator-runtime@0.10.5
21 silly currentTree +-- request@2.81.0
21 silly currentTree +-- safe-buffer@5.0.1
21 silly currentTree +-- semver@5.3.0
21 silly currentTree +-- send@0.15.1
21 silly currentTree +-- serve-static@1.12.1
21 silly currentTree +-- setprototypeof@1.0.3
21 silly currentTree +-- sntp@1.0.9
21 silly currentTree +-- sprintf@0.1.5
21 silly currentTree +-- sshpk@1.13.0
21 silly currentTree | `-- assert-plus@1.0.0
21 silly currentTree +-- statuses@1.3.1
21 silly currentTree +-- string_decoder@1.0.0
21 silly currentTree +-- stringstream@0.0.5
21 silly currentTree +-- tedious-connection-pool@1.0.5
21 silly currentTree | `-- tedious@1.15.0
21 silly currentTree +-- tedious@2.0.0
21 silly currentTree +-- tough-cookie@2.3.2
21 silly currentTree +-- tunnel-agent@0.6.0
21 silly currentTree +-- tweetnacl@0.14.5
21 silly currentTree +-- type-is@1.6.15
21 silly currentTree +-- unpipe@1.0.0
21 silly currentTree +-- util-deprecate@1.0.2
21 silly currentTree +-- utils-merge@1.0.0
21 silly currentTree +-- uuid@3.0.1
21 silly currentTree +-- vary@1.1.1
21 silly currentTree `-- verror@1.3.6
22 silly idealTree dbproj@1.0.0
22 silly idealTree +-- accepts@1.3.3
22 silly idealTree +-- ajv@4.11.8
22 silly idealTree +-- array-flatten@1.1.1
22 silly idealTree +-- asn1@0.2.3
22 silly idealTree +-- assert-plus@0.2.0
22 silly idealTree +-- asynckit@0.4.0
22 silly idealTree +-- aws-sign2@0.6.0
22 silly idealTree +-- aws4@1.6.0
22 silly idealTree +-- babel-runtime@6.23.0
22 silly idealTree +-- bcrypt-pbkdf@1.0.1
22 silly idealTree +-- big-number@0.3.1
22 silly idealTree +-- bl@1.2.1
22 silly idealTree +-- body-parser@1.17.1
22 silly idealTree +-- boom@2.10.1
22 silly idealTree +-- buffer-shims@1.0.0
22 silly idealTree +-- bytes@2.4.0
22 silly idealTree +-- caseless@0.12.0
22 silly idealTree +-- co@4.6.0
22 silly idealTree +-- combined-stream@1.0.5
22 silly idealTree +-- content-disposition@0.5.2
22 silly idealTree +-- content-type@1.0.2
22 silly idealTree +-- cookie-signature@1.0.6
22 silly idealTree +-- cookie@0.3.1
22 silly idealTree +-- core-js@2.4.1
22 silly idealTree +-- core-util-is@1.0.2
22 silly idealTree +-- cryptiles@2.0.5
22 silly idealTree +-- dashdash@1.14.1
22 silly idealTree | `-- assert-plus@1.0.0
22 silly idealTree +-- debug@2.6.1
22 silly idealTree +-- delayed-stream@1.0.0
22 silly idealTree +-- depd@1.1.0
22 silly idealTree +-- destroy@1.0.4
22 silly idealTree +-- dns-lookup-all@1.0.2
22 silly idealTree +-- ecc-jsbn@0.1.1
22 silly idealTree +-- ee-first@1.1.1
22 silly idealTree +-- encodeurl@1.0.1
22 silly idealTree +-- escape-html@1.0.3
22 silly idealTree +-- etag@1.8.0
22 silly idealTree +-- express@4.15.2
22 silly idealTree +-- extend@3.0.1
22 silly idealTree +-- extsprintf@1.0.2
22 silly idealTree +-- finalhandler@1.0.1
22 silly idealTree | `-- debug@2.6.3
22 silly idealTree +-- forever-agent@0.6.1
22 silly idealTree +-- form-data@2.1.4
22 silly idealTree +-- forwarded@0.1.0
22 silly idealTree +-- fresh@0.5.0
22 silly idealTree +-- getpass@0.1.7
22 silly idealTree | `-- assert-plus@1.0.0
22 silly idealTree +-- har-schema@1.0.5
22 silly idealTree +-- har-validator@4.2.1
22 silly idealTree +-- hawk@3.1.3
22 silly idealTree +-- hoek@2.16.3
22 silly idealTree +-- http-errors@1.6.1
22 silly idealTree +-- http-signature@1.1.1
22 silly idealTree +-- iconv-lite@0.4.15
22 silly idealTree +-- inherits@2.0.3
22 silly idealTree +-- ipaddr.js@1.3.0
22 silly idealTree +-- is-typedarray@1.0.0
22 silly idealTree +-- isarray@1.0.0
22 silly idealTree +-- isstream@0.1.2
22 silly idealTree +-- jodid25519@1.0.2
22 silly idealTree +-- jsbn@0.1.1
22 silly idealTree +-- json-schema@0.2.3
22 silly idealTree +-- json-stable-stringify@1.0.1
22 silly idealTree +-- json-stringify-safe@5.0.1
22 silly idealTree +-- jsonify@0.0.0
22 silly idealTree +-- jsprim@1.4.0
22 silly idealTree | `-- assert-plus@1.0.0
22 silly idealTree +-- media-typer@0.3.0
22 silly idealTree +-- merge-descriptors@1.0.1
22 silly idealTree +-- methods@1.1.2
22 silly idealTree +-- mime-db@1.27.0
22 silly idealTree +-- mime-types@2.1.15
22 silly idealTree +-- mime@1.3.4
22 silly idealTree +-- ms@0.7.2
22 silly idealTree +-- negotiator@0.6.1
22 silly idealTree +-- oauth-sign@0.8.2
22 silly idealTree +-- on-finished@2.3.0
22 silly idealTree +-- parseurl@1.3.1
22 silly idealTree +-- path-to-regexp@0.1.7
22 silly idealTree +-- performance-now@0.2.0
22 silly idealTree +-- process-nextick-args@1.0.7
22 silly idealTree +-- proxy-addr@1.1.4
22 silly idealTree +-- punycode@1.4.1
22 silly idealTree +-- qs@6.4.0
22 silly idealTree +-- range-parser@1.2.0
22 silly idealTree +-- raw-body@2.2.0
22 silly idealTree +-- readable-stream@2.2.9
22 silly idealTree +-- regenerator-runtime@0.10.5
22 silly idealTree +-- request@2.81.0
22 silly idealTree +-- safe-buffer@5.0.1
22 silly idealTree +-- semver@5.3.0
22 silly idealTree +-- send@0.15.1
22 silly idealTree +-- serve-static@1.12.1
22 silly idealTree +-- setprototypeof@1.0.3
22 silly idealTree +-- sntp@1.0.9
22 silly idealTree +-- sprintf@0.1.5
22 silly idealTree +-- sshpk@1.13.0
22 silly idealTree | `-- assert-plus@1.0.0
22 silly idealTree +-- statuses@1.3.1
22 silly idealTree +-- string_decoder@1.0.0
22 silly idealTree +-- stringstream@0.0.5
22 silly idealTree +-- tedious-connection-pool@1.0.5
22 silly idealTree | `-- tedious@1.15.0
22 silly idealTree +-- tedious@2.0.0
22 silly idealTree +-- tough-cookie@2.3.2
22 silly idealTree +-- tunnel-agent@0.6.0
22 silly idealTree +-- tweetnacl@0.14.5
22 silly idealTree +-- type-is@1.6.15
22 silly idealTree +-- unpipe@1.0.0
22 silly idealTree +-- util-deprecate@1.0.2
22 silly idealTree +-- utils-merge@1.0.0
22 silly idealTree +-- uuid@3.0.1
22 silly idealTree +-- vary@1.1.1
22 silly idealTree `-- verror@1.3.6
23 silly generateActionsToTake Starting
24 silly install generateActionsToTake
25 silly generateActionsToTake Finishing
26 silly diffTrees action count 0
27 silly decomposeActions action count 0
28 silly runTopLevelLifecycles Starting
29 silly install runPreinstallTopLevelLifecycles
30 silly preinstall dbproj@1.0.0 C:\Users\KevinB\Documents\GitHub\COSC-457-Project\dbproj-498771e5
31 info lifecycle dbproj@1.0.0~preinstall: dbproj@1.0.0
32 silly lifecycle dbproj@1.0.0~preinstall: no script for preinstall, continuing
33 silly executeActions Starting
34 silly install executeActions
35 silly doSerial global-install 0
36 silly doParallel fetch 0
37 verbose correctMkdir C:\Users\KevinB\AppData\Roaming\npm-cache\_locks correctMkdir not in flight; initializing
38 verbose lock using C:\Users\KevinB\AppData\Roaming\npm-cache\_locks\staging-b05432619696c385.lock for C:\Users\KevinB\Documents\GitHub\COSC-457-Project\node_modules\.staging
39 silly doParallel extract 0
40 silly doParallel preinstall 0
41 silly doReverseSerial remove 0
42 silly doSerial move 0
43 silly doSerial finalize 0
44 silly doSerial build 0
45 silly doSerial global-link 0
46 silly doParallel update-linked 0
47 silly doSerial install 0
48 silly doSerial postinstall 0
49 verbose unlock done using C:\Users\KevinB\AppData\Roaming\npm-cache\_locks\staging-b05432619696c385.lock for C:\Users\KevinB\Documents\GitHub\COSC-457-Project\node_modules\.staging
50 silly executeActions Finishing
51 silly rollbackFailedOptional Starting
52 silly rollbackFailedOptional Finishing
53 silly install runPostinstallTopLevelLifecycles
54 silly build dbproj@1.0.0
55 info linkStuff dbproj@1.0.0
56 silly linkStuff dbproj@1.0.0 has C:\Users\KevinB\Documents\GitHub as its parent node_modules
57 verbose linkBins dbproj@1.0.0
58 verbose linkMans dbproj@1.0.0
59 silly install dbproj@1.0.0 C:\Users\KevinB\Documents\GitHub\COSC-457-Project\dbproj-498771e5
60 info lifecycle dbproj@1.0.0~install: dbproj@1.0.0
61 silly lifecycle dbproj@1.0.0~install: no script for install, continuing
62 silly postinstall dbproj@1.0.0 C:\Users\KevinB\Documents\GitHub\COSC-457-Project\dbproj-498771e5
63 info lifecycle dbproj@1.0.0~postinstall: dbproj@1.0.0
64 verbose lifecycle dbproj@1.0.0~postinstall: unsafe-perm in lifecycle true
65 verbose lifecycle dbproj@1.0.0~postinstall: PATH: C:\Program Files\nodejs\node_modules\npm\bin\node-gyp-bin;C:\Users\KevinB\Documents\GitHub\COSC-457-Project\node_modules\.bin;C:\Users\KevinB\AppData\Roaming\npm;C:\Program Files\nodejs\;C:\ProgramData\Oracle\Java\javapath;C:\Program Files (x86)\Intel\iCLS Client\;C:\Program Files\Intel\iCLS Client\;C:\WINDOWS\system32;C:\WINDOWS;C:\WINDOWS\System32\Wbem;C:\WINDOWS\System32\WindowsPowerShell\v1.0\;C:\Program Files\Intel\Intel(R) Management Engine Components\DAL;C:\Program Files\Intel\Intel(R) Management Engine Components\IPT;C:\Program Files (x86)\Intel\Intel(R) Management Engine Components\DAL;C:\Program Files (x86)\Intel\Intel(R) Management Engine Components\IPT;C:\Program Files (x86)\Intel\OpenCL SDK\3.0\bin\x86;C:\Program Files (x86)\Intel\OpenCL SDK\3.0\bin\x64;C:\Program Files\Java\jdk1.7.0_25\bin;C:\Program Files (x86)\NVIDIA Corporation\PhysX\Common;C:\Program Files\TortoiseGit\bin;C:\WINDOWS\system32;C:\WINDOWS;C:\WINDOWS\System32\Wbem;C:\WINDOWS\System32\WindowsPowerShell\v1.0\;C:\Program Files\Microsoft Network Monitor 3\;C:\Program Files (x86)\GNU\GnuPG\pub;C:\Program Files (x86)\Microsoft SQL Server\Client SDK\ODBC\130\Tools\Binn\;C:\Program Files (x86)\Microsoft SQL Server\130\Tools\Binn\;C:\Program Files (x86)\Microsoft SQL Server\130\DTS\Binn\;C:\Program Files (x86)\Microsoft SQL Server\130\Tools\Binn\ManagementStudio\;C:\Program Files\nodejs\;C:\Program Files\PuTTY\;C:\Program Files\MongoDB\Server\3.2\bin;C:\Users\KevinB\AppData\Local\Microsoft\WindowsApps;C:\Users\KevinB\AppData\Roaming\npm
66 verbose lifecycle dbproj@1.0.0~postinstall: CWD: C:\Users\KevinB\Documents\GitHub\COSC-457-Project
67 silly lifecycle dbproj@1.0.0~postinstall: Args: [ '/d /s /c', 'cd client && npm install' ]
68 silly lifecycle dbproj@1.0.0~postinstall: Returned: code: 1  signal: null
69 info lifecycle dbproj@1.0.0~postinstall: Failed to exec postinstall script
70 warn dbproj@1.0.0 No description
71 verbose If you need help, you may report this error at:
71 verbose     <https://github.com/npm/npm/issues>
72 warn dbproj@1.0.0 No repository field.
73 verbose If you need help, you may report this error at:
73 verbose     <https://github.com/npm/npm/issues>
74 verbose stack Error: dbproj@1.0.0 postinstall: `cd client && npm install`
74 verbose stack Exit status 1
74 verbose stack     at EventEmitter.<anonymous> (C:\Program Files\nodejs\node_modules\npm\lib\utils\lifecycle.js:255:16)
74 verbose stack     at emitTwo (events.js:106:13)
74 verbose stack     at EventEmitter.emit (events.js:191:7)
74 verbose stack     at ChildProcess.<anonymous> (C:\Program Files\nodejs\node_modules\npm\lib\utils\spawn.js:40:14)
74 verbose stack     at emitTwo (events.js:106:13)
74 verbose stack     at ChildProcess.emit (events.js:191:7)
74 verbose stack     at maybeClose (internal/child_process.js:885:16)
74 verbose stack     at Process.ChildProcess._handle.onexit (internal/child_process.js:226:5)
75 verbose pkgid dbproj@1.0.0
76 verbose cwd C:\Users\KevinB\Documents\GitHub\COSC-457-Project
77 error Windows_NT 10.0.14393
78 error argv "C:\\Program Files\\nodejs\\node.exe" "C:\\Program Files\\nodejs\\node_modules\\npm\\bin\\npm-cli.js" "install"
79 error node v7.2.1
80 error npm  v3.10.10
81 error code ELIFECYCLE
82 error dbproj@1.0.0 postinstall: `cd client && npm install`
82 error Exit status 1
83 error Failed at the dbproj@1.0.0 postinstall script 'cd client && npm install'.
83 error Make sure you have the latest version of node.js and npm installed.
83 error If you do, this is most likely a problem with the dbproj package,
83 error not with npm itself.
83 error Tell the author that this fails on your system:
83 error     cd client && npm install
83 error You can get information on how to open an issue for this project with:
83 error     npm bugs dbproj
83 error Or if that isn't available, you can get their info via:
83 error     npm owner ls dbproj
83 error There is likely additional logging output above.
84 verbose exit [ 1, true ]
